- Ep#1/20 Bat#10/64. Loss=1.670. TrErr=0.000%. Speed=60 Samples/Sec.
  mu_phi_search_max=0.1233892 
  mu_phi_search_min=0.004053377
  AvgnHidLayerEff=10.0. G_Phi=56.746. G_U=0.173
----------------------------------------------------
- Ep#1/20 Bat#20/64. Loss=1.639. TrErr=0.000%. Speed=61 Samples/Sec.
  mu_phi_search_max=0.09996004 
  mu_phi_search_min=0.001727653
  AvgnHidLayerEff=10.0. G_Phi=348.557. G_U=0.334
----------------------------------------------------
- Ep#1/20 Bat#10/64. Loss=1.597. TrErr=0.000%. Speed=159 Samples/Sec.
  mu_phi_search_max=0.05619912 
  mu_phi_search_min=0.002647334
  AvgnHidLayerEff=10.0. G_Phi=316.385. G_U=1.006
----------------------------------------------------
- Ep#1/20 Bat#20/64. Loss=1.605. TrErr=0.000%. Speed=147 Samples/Sec.
  mu_phi_search_max=0.06397231 
  mu_phi_search_min=0.00237564
  AvgnHidLayerEff=10.0. G_Phi=39.434. G_U=0.084
----------------------------------------------------
